<?xml version="1.0" encoding="UTF-8"?>
<!-- Generated by org.testng.reporters.JUnitReportReporter -->
<testsuite hostname="DESKTOP-EU7OOK9" failures="0" tests="1" name="KeywordDriven.Application" time="10.545" errors="0" timestamp="2022-01-02T15:43:27 EST" skipped="0">
  <testcase classname="KeywordDriven.Application" name="verifyInvalidLogin" time="10.545"/>
  <system-out/>
</testsuite> <!-- KeywordDriven.Application -->
